Added Component: Designator=*1(DIP-14)
Added Component: Designator=*2(DIP-14)
Added Component: Designator=1(49S-SMD)
Added Component: Designator=2(TO-92A)
Added Component: Designator=3(TO-92A)
Added Component: Designator=4(TO-92A)
Added Component: Designator=5(TO-92A)
Added Component: Designator=6(TO-92A)
Added Component: Designator=7(TO-92A)
Added Component: Designator=8(TO-92A)
Added Component: Designator=9(TO-92A)
Added Component: Designator=10(TO-92A)
Added Component: Designator=11(TO-92A)
Added Component: Designator=BT1(CR1220)
Added Component: Designator=C1(0603-1)
Added Component: Designator=C2(0603-1)
Added Component: Designator=C3(0603-1)
Added Component: Designator=C4(0603-1)
Added Component: Designator=C5(0603-1)
Added Component: Designator=C6(0603-1)
Added Component: Designator=C7(0603-1)
Added Component: Designator=C8(0603-1)
Added Component: Designator=C9(0603-1)
Added Component: Designator=C10(0603-1)
Added Component: Designator=C11(0603-1)
Added Component: Designator=C12(0603-1)
Added Component: Designator=C13(0603-1)
Added Component: Designator=C14(0603-1)
Added Component: Designator=C15(0603-1)
Added Component: Designator=C16(0603-1)
Added Component: Designator=C17(0603-1)
Added Component: Designator=C18(0603-1)
Added Component: Designator=D1(LED0805)
Added Component: Designator=P1(XH2.54-2)
Added Component: Designator=P2(XH2.54-2)
Added Component: Designator=P3(XH2.54-2)
Added Component: Designator=P4(SMT11P)
Added Component: Designator=P5(HDR1X4)
Added Component: Designator=P6(HDR1X5)
Added Component: Designator=P7(SMT11P)
Added Component: Designator=P8(XH2.54-2)
Added Component: Designator=P9(SMT11P)
Added Component: Designator=P10(SMT11P)
Added Component: Designator=P11(SMT11P)
Added Component: Designator=P12(XH2.54-2)
Added Component: Designator=P13(XH2.54-2)
Added Component: Designator=P14(SMT11P)
Added Component: Designator=P15(SMT11P)
Added Component: Designator=P16(SMT11P)
Added Component: Designator=R1(0603-1)
Added Component: Designator=R2(0603-1)
Added Component: Designator=R3(0603-1)
Added Component: Designator=R4(0805-1R)
Added Component: Designator=R5(0603R)
Added Component: Designator=R6(0603R)
Added Component: Designator=R7(0603R)
Added Component: Designator=R8(0603-1)
Added Component: Designator=R9(0603-1)
Added Component: Designator=R10(0603R)
Added Component: Designator=R11(0603R)
Added Component: Designator=R12(0603R)
Added Component: Designator=R13(0603R)
Added Component: Designator=R14(0603R)
Added Component: Designator=R15(0603R)
Added Component: Designator=R16(0603R)
Added Component: Designator=S1(KEY-SMD1)
Added Component: Designator=U1(LQFP48_N)
Added Component: Designator=U2(DIP-20)
Added Component: Designator=U3(AMS1117)
Added Component: Designator=U4(AMS1117)
Added Component: Designator=U5(DIP-20)
Added Component: Designator=U6(DIP-16)
Added Component: Designator=U7(DIP-16)
Added Component: Designator=Y1(XTAL32)
Added Pin To Net: NetName=BOOT0 Pin=R8-1
Added Pin To Net: NetName=BOOT0 Pin=U1-44
Added Net: Name=BOOT0
Added Pin To Net: NetName=BOOT1 Pin=R9-2
Added Pin To Net: NetName=BOOT1 Pin=U1-20
Added Net: Name=BOOT1
Added Pin To Net: NetName=C1_1 Pin=2-2
Added Pin To Net: NetName=C1_1 Pin=P4-10
Added Net: Name=C1_1
Added Pin To Net: NetName=C1_2 Pin=3-2
Added Pin To Net: NetName=C1_2 Pin=P4-9
Added Net: Name=C1_2
Added Pin To Net: NetName=C1_3 Pin=4-2
Added Pin To Net: NetName=C1_3 Pin=P4-8
Added Net: Name=C1_3
Added Pin To Net: NetName=C1_4 Pin=5-2
Added Pin To Net: NetName=C1_4 Pin=P4-7
Added Net: Name=C1_4
Added Pin To Net: NetName=C1_5 Pin=6-2
Added Pin To Net: NetName=C1_5 Pin=P4-6
Added Net: Name=C1_5
Added Pin To Net: NetName=C1_6 Pin=7-2
Added Pin To Net: NetName=C1_6 Pin=P4-5
Added Net: Name=C1_6
Added Pin To Net: NetName=C1_7 Pin=8-2
Added Pin To Net: NetName=C1_7 Pin=P4-4
Added Net: Name=C1_7
Added Pin To Net: NetName=C1_8 Pin=9-2
Added Pin To Net: NetName=C1_8 Pin=P4-3
Added Net: Name=C1_8
Added Pin To Net: NetName=C1_9 Pin=10-2
Added Pin To Net: NetName=C1_9 Pin=P4-2
Added Net: Name=C1_9
Added Pin To Net: NetName=C1_10 Pin=11-2
Added Pin To Net: NetName=C1_10 Pin=P4-1
Added Net: Name=C1_10
Added Pin To Net: NetName=D1_1 Pin=R5-1
Added Pin To Net: NetName=D1_1 Pin=U2-19
Added Net: Name=D1_1
Added Pin To Net: NetName=D1_2 Pin=R6-1
Added Pin To Net: NetName=D1_2 Pin=U2-18
Added Net: Name=D1_2
Added Pin To Net: NetName=D1_3 Pin=R7-1
Added Pin To Net: NetName=D1_3 Pin=U2-17
Added Net: Name=D1_3
Added Pin To Net: NetName=D1_4 Pin=R10-1
Added Pin To Net: NetName=D1_4 Pin=U2-16
Added Net: Name=D1_4
Added Pin To Net: NetName=D1_5 Pin=R11-1
Added Pin To Net: NetName=D1_5 Pin=U2-15
Added Net: Name=D1_5
Added Pin To Net: NetName=D1_6 Pin=R12-1
Added Pin To Net: NetName=D1_6 Pin=U2-14
Added Net: Name=D1_6
Added Pin To Net: NetName=D1_7 Pin=R13-1
Added Pin To Net: NetName=D1_7 Pin=U2-13
Added Net: Name=D1_7
Added Pin To Net: NetName=D1_8 Pin=R14-1
Added Pin To Net: NetName=D1_8 Pin=U2-12
Added Net: Name=D1_8
Added Pin To Net: NetName=D1_9 Pin=R15-1
Added Pin To Net: NetName=D1_9 Pin=U5-19
Added Net: Name=D1_9
Added Pin To Net: NetName=D1_10 Pin=R16-1
Added Pin To Net: NetName=D1_10 Pin=U5-18
Added Net: Name=D1_10
Added Pin To Net: NetName=GND Pin=*1-7
Added Pin To Net: NetName=GND Pin=*2-7
Added Pin To Net: NetName=GND Pin=2-3
Added Pin To Net: NetName=GND Pin=3-3
Added Pin To Net: NetName=GND Pin=4-3
Added Pin To Net: NetName=GND Pin=5-3
Added Pin To Net: NetName=GND Pin=6-3
Added Pin To Net: NetName=GND Pin=7-3
Added Pin To Net: NetName=GND Pin=8-3
Added Pin To Net: NetName=GND Pin=9-3
Added Pin To Net: NetName=GND Pin=10-3
Added Pin To Net: NetName=GND Pin=11-3
Added Pin To Net: NetName=GND Pin=BT1-2
Added Pin To Net: NetName=GND Pin=C1-2
Added Pin To Net: NetName=GND Pin=C2-2
Added Pin To Net: NetName=GND Pin=C3-2
Added Pin To Net: NetName=GND Pin=C4-2
Added Pin To Net: NetName=GND Pin=C5-2
Added Pin To Net: NetName=GND Pin=C6-1
Added Pin To Net: NetName=GND Pin=C7-2
Added Pin To Net: NetName=GND Pin=C8-1
Added Pin To Net: NetName=GND Pin=C9-1
Added Pin To Net: NetName=GND Pin=C10-2
Added Pin To Net: NetName=GND Pin=C11-1
Added Pin To Net: NetName=GND Pin=C12-1
Added Pin To Net: NetName=GND Pin=C13-1
Added Pin To Net: NetName=GND Pin=C14-1
Added Pin To Net: NetName=GND Pin=C15-1
Added Pin To Net: NetName=GND Pin=C16-1
Added Pin To Net: NetName=GND Pin=C17-1
Added Pin To Net: NetName=GND Pin=C18-1
Added Pin To Net: NetName=GND Pin=P1-2
Added Pin To Net: NetName=GND Pin=P2-2
Added Pin To Net: NetName=GND Pin=P3-2
Added Pin To Net: NetName=GND Pin=P5-4
Added Pin To Net: NetName=GND Pin=P6-1
Added Pin To Net: NetName=GND Pin=P8-2
Added Pin To Net: NetName=GND Pin=P12-2
Added Pin To Net: NetName=GND Pin=P13-2
Added Pin To Net: NetName=GND Pin=R1-1
Added Pin To Net: NetName=GND Pin=R8-2
Added Pin To Net: NetName=GND Pin=R9-1
Added Pin To Net: NetName=GND Pin=S1-2
Added Pin To Net: NetName=GND Pin=U1-8
Added Pin To Net: NetName=GND Pin=U1-23
Added Pin To Net: NetName=GND Pin=U1-35
Added Pin To Net: NetName=GND Pin=U1-47
Added Pin To Net: NetName=GND Pin=U2-1
Added Pin To Net: NetName=GND Pin=U2-10
Added Pin To Net: NetName=GND Pin=U3-1
Added Pin To Net: NetName=GND Pin=U4-1
Added Pin To Net: NetName=GND Pin=U5-1
Added Pin To Net: NetName=GND Pin=U5-4
Added Pin To Net: NetName=GND Pin=U5-5
Added Pin To Net: NetName=GND Pin=U5-6
Added Pin To Net: NetName=GND Pin=U5-7
Added Pin To Net: NetName=GND Pin=U5-8
Added Pin To Net: NetName=GND Pin=U5-9
Added Pin To Net: NetName=GND Pin=U5-10
Added Pin To Net: NetName=GND Pin=U6-4
Added Pin To Net: NetName=GND Pin=U6-5
Added Pin To Net: NetName=GND Pin=U6-8
Added Pin To Net: NetName=GND Pin=U7-3
Added Pin To Net: NetName=GND Pin=U7-4
Added Pin To Net: NetName=GND Pin=U7-5
Added Pin To Net: NetName=GND Pin=U7-8
Added Net: Name=GND
Added Pin To Net: NetName=LE Pin=P7-11
Added Pin To Net: NetName=LE Pin=U2-11
Added Pin To Net: NetName=LE Pin=U5-11
Added Net: Name=LE
Added Pin To Net: NetName=Net2_1 Pin=2-1
Added Pin To Net: NetName=Net2_1 Pin=R5-2
Added Net: Name=Net2_1
Added Pin To Net: NetName=Net3_1 Pin=3-1
Added Pin To Net: NetName=Net3_1 Pin=R6-2
Added Net: Name=Net3_1
Added Pin To Net: NetName=Net4_1 Pin=4-1
Added Pin To Net: NetName=Net4_1 Pin=R7-2
Added Net: Name=Net4_1
Added Pin To Net: NetName=Net5_1 Pin=5-1
Added Pin To Net: NetName=Net5_1 Pin=R10-2
Added Net: Name=Net5_1
Added Pin To Net: NetName=Net6_1 Pin=6-1
Added Pin To Net: NetName=Net6_1 Pin=R11-2
Added Net: Name=Net6_1
Added Pin To Net: NetName=Net7_1 Pin=7-1
Added Pin To Net: NetName=Net7_1 Pin=R12-2
Added Net: Name=Net7_1
Added Pin To Net: NetName=Net8_1 Pin=8-1
Added Pin To Net: NetName=Net8_1 Pin=R13-2
Added Net: Name=Net8_1
Added Pin To Net: NetName=Net9_1 Pin=9-1
Added Pin To Net: NetName=Net9_1 Pin=R14-2
Added Net: Name=Net9_1
Added Pin To Net: NetName=Net10_1 Pin=10-1
Added Pin To Net: NetName=Net10_1 Pin=R15-2
Added Net: Name=Net10_1
Added Pin To Net: NetName=Net11_1 Pin=11-1
Added Pin To Net: NetName=Net11_1 Pin=R16-2
Added Net: Name=Net11_1
Added Pin To Net: NetName=NetBT1_1 Pin=BT1-1
Added Pin To Net: NetName=NetBT1_1 Pin=U1-1
Added Net: Name=NetBT1_1
Added Pin To Net: NetName=NetC9_2 Pin=C9-2
Added Pin To Net: NetName=NetC9_2 Pin=U1-4
Added Pin To Net: NetName=NetC9_2 Pin=Y1-1
Added Net: Name=NetC9_2
Added Pin To Net: NetName=NetC10_1 Pin=C10-1
Added Pin To Net: NetName=NetC10_1 Pin=U1-3
Added Pin To Net: NetName=NetC10_1 Pin=Y1-2
Added Net: Name=NetC10_1
Added Pin To Net: NetName=NetD1_2 Pin=D1-2
Added Pin To Net: NetName=NetD1_2 Pin=R1-2
Added Net: Name=NetD1_2
Added Pin To Net: NetName=NetP4_11 Pin=P4-11
Added Pin To Net: NetName=NetP4_11 Pin=R4-1
Added Net: Name=NetP4_11
Added Pin To Net: NetName=NetP7_1 Pin=P7-1
Added Pin To Net: NetName=NetP7_1 Pin=U2-2
Added Net: Name=NetP7_1
Added Pin To Net: NetName=NetP7_2 Pin=P7-2
Added Pin To Net: NetName=NetP7_2 Pin=U2-3
Added Net: Name=NetP7_2
Added Pin To Net: NetName=NetP7_3 Pin=P7-3
Added Pin To Net: NetName=NetP7_3 Pin=U2-4
Added Net: Name=NetP7_3
Added Pin To Net: NetName=NetP7_4 Pin=P7-4
Added Pin To Net: NetName=NetP7_4 Pin=U2-5
Added Net: Name=NetP7_4
Added Pin To Net: NetName=NetP7_5 Pin=P7-5
Added Pin To Net: NetName=NetP7_5 Pin=U2-6
Added Net: Name=NetP7_5
Added Pin To Net: NetName=NetP7_6 Pin=P7-6
Added Pin To Net: NetName=NetP7_6 Pin=U2-7
Added Net: Name=NetP7_6
Added Pin To Net: NetName=NetP7_7 Pin=P7-7
Added Pin To Net: NetName=NetP7_7 Pin=U2-8
Added Net: Name=NetP7_7
Added Pin To Net: NetName=NetP7_8 Pin=P7-8
Added Pin To Net: NetName=NetP7_8 Pin=U2-9
Added Net: Name=NetP7_8
Added Pin To Net: NetName=NetP7_9 Pin=P7-9
Added Pin To Net: NetName=NetP7_9 Pin=U5-2
Added Net: Name=NetP7_9
Added Pin To Net: NetName=NetP7_10 Pin=P7-10
Added Pin To Net: NetName=NetP7_10 Pin=U5-3
Added Net: Name=NetP7_10
Added Pin To Net: NetName=PA0 Pin=U1-10
Added Net: Name=PA0
Added Pin To Net: NetName=PA1 Pin=U1-11
Added Net: Name=PA1
Added Pin To Net: NetName=PA2 Pin=P5-2
Added Pin To Net: NetName=PA2 Pin=U1-12
Added Net: Name=PA2
Added Pin To Net: NetName=PA3 Pin=P5-3
Added Pin To Net: NetName=PA3 Pin=U1-13
Added Net: Name=PA3
Added Pin To Net: NetName=PA4 Pin=U1-14
Added Net: Name=PA4
Added Pin To Net: NetName=PA5 Pin=P9-11
Added Pin To Net: NetName=PA5 Pin=U1-15
Added Net: Name=PA5
Added Pin To Net: NetName=PA6 Pin=P10-11
Added Pin To Net: NetName=PA6 Pin=U1-16
Added Net: Name=PA6
Added Pin To Net: NetName=PA7 Pin=P14-11
Added Pin To Net: NetName=PA7 Pin=U1-17
Added Net: Name=PA7
Added Pin To Net: NetName=PA8 Pin=P15-11
Added Pin To Net: NetName=PA8 Pin=U1-29
Added Net: Name=PA8
Added Pin To Net: NetName=PA9 Pin=P11-11
Added Pin To Net: NetName=PA9 Pin=U1-30
Added Net: Name=PA9
Added Pin To Net: NetName=PA10 Pin=P16-11
Added Pin To Net: NetName=PA10 Pin=U1-31
Added Net: Name=PA10
Added Pin To Net: NetName=PA11 Pin=U1-32
Added Net: Name=PA11
Added Pin To Net: NetName=PA12 Pin=U1-33
Added Net: Name=PA12
Added Pin To Net: NetName=PB0 Pin=U1-18
Added Pin To Net: NetName=PB0 Pin=U1-19
Added Net: Name=PB0
Added Pin To Net: NetName=PB3 Pin=U1-39
Added Net: Name=PB3
Added Pin To Net: NetName=PB4 Pin=U1-40
Added Net: Name=PB4
Added Pin To Net: NetName=PB5 Pin=U1-41
Added Net: Name=PB5
Added Pin To Net: NetName=PB6 Pin=U1-42
Added Net: Name=PB6
Added Pin To Net: NetName=PB7 Pin=U1-43
Added Net: Name=PB7
Added Pin To Net: NetName=PB8 Pin=U1-45
Added Pin To Net: NetName=PB8 Pin=U6-1
Added Net: Name=PB8
Added Pin To Net: NetName=PB9 Pin=U1-46
Added Pin To Net: NetName=PB9 Pin=U6-2
Added Net: Name=PB9
Added Pin To Net: NetName=PB10 Pin=U1-21
Added Pin To Net: NetName=PB10 Pin=U6-3
Added Net: Name=PB10
Added Pin To Net: NetName=PB11 Pin=U1-22
Added Pin To Net: NetName=PB11 Pin=U7-1
Added Net: Name=PB11
Added Pin To Net: NetName=PB12 Pin=U1-25
Added Pin To Net: NetName=PB12 Pin=U7-2
Added Net: Name=PB12
Added Pin To Net: NetName=PB13 Pin=U1-26
Added Net: Name=PB13
Added Pin To Net: NetName=PB14 Pin=U1-27
Added Net: Name=PB14
Added Pin To Net: NetName=PB15 Pin=U1-28
Added Net: Name=PB15
Added Pin To Net: NetName=PH0 Pin=1-2
Added Pin To Net: NetName=PH0 Pin=C7-1
Added Pin To Net: NetName=PH0 Pin=R2-1
Added Pin To Net: NetName=PH0 Pin=U1-6
Added Net: Name=PH0
Added Pin To Net: NetName=PH1 Pin=1-1
Added Pin To Net: NetName=PH1 Pin=C6-2
Added Pin To Net: NetName=PH1 Pin=R2-2
Added Pin To Net: NetName=PH1 Pin=U1-5
Added Net: Name=PH1
Added Pin To Net: NetName=RESET Pin=C8-2
Added Pin To Net: NetName=RESET Pin=P6-5
Added Pin To Net: NetName=RESET Pin=R3-1
Added Pin To Net: NetName=RESET Pin=S1-1
Added Pin To Net: NetName=RESET Pin=U1-7
Added Net: Name=RESET
Added Pin To Net: NetName=SWDCLK Pin=P6-2
Added Pin To Net: NetName=SWDCLK Pin=U1-37
Added Net: Name=SWDCLK
Added Pin To Net: NetName=SWDIO Pin=P6-3
Added Pin To Net: NetName=SWDIO Pin=U1-34
Added Net: Name=SWDIO
Added Pin To Net: NetName=VCC-3.3EX Pin=*1-14
Added Pin To Net: NetName=VCC-3.3EX Pin=*2-11
Added Pin To Net: NetName=VCC-3.3EX Pin=*2-13
Added Pin To Net: NetName=VCC-3.3EX Pin=*2-14
Added Pin To Net: NetName=VCC-3.3EX Pin=C17-2
Added Pin To Net: NetName=VCC-3.3EX Pin=C18-2
Added Pin To Net: NetName=VCC-3.3EX Pin=P8-1
Added Pin To Net: NetName=VCC-3.3EX Pin=U4-2
Added Pin To Net: NetName=VCC-3.3EX Pin=U4-4
Added Pin To Net: NetName=VCC-3.3EX Pin=U6-6
Added Pin To Net: NetName=VCC-3.3EX Pin=U6-16
Added Pin To Net: NetName=VCC-3.3EX Pin=U7-6
Added Pin To Net: NetName=VCC-3.3EX Pin=U7-16
Added Net: Name=VCC-3.3EX
Added Pin To Net: NetName=VCC-3.3 Pin=C1-1
Added Pin To Net: NetName=VCC-3.3 Pin=C2-1
Added Pin To Net: NetName=VCC-3.3 Pin=C3-1
Added Pin To Net: NetName=VCC-3.3 Pin=C4-1
Added Pin To Net: NetName=VCC-3.3 Pin=C5-1
Added Pin To Net: NetName=VCC-3.3 Pin=C13-2
Added Pin To Net: NetName=VCC-3.3 Pin=C14-2
Added Pin To Net: NetName=VCC-3.3 Pin=P5-1
Added Pin To Net: NetName=VCC-3.3 Pin=P6-4
Added Pin To Net: NetName=VCC-3.3 Pin=R3-2
Added Pin To Net: NetName=VCC-3.3 Pin=U1-9
Added Pin To Net: NetName=VCC-3.3 Pin=U1-24
Added Pin To Net: NetName=VCC-3.3 Pin=U1-36
Added Pin To Net: NetName=VCC-3.3 Pin=U1-48
Added Pin To Net: NetName=VCC-3.3 Pin=U3-2
Added Pin To Net: NetName=VCC-3.3 Pin=U3-4
Added Net: Name=VCC-3.3
Added Pin To Net: NetName=VCC-5.0 Pin=C11-2
Added Pin To Net: NetName=VCC-5.0 Pin=C12-2
Added Pin To Net: NetName=VCC-5.0 Pin=C15-2
Added Pin To Net: NetName=VCC-5.0 Pin=C16-2
Added Pin To Net: NetName=VCC-5.0 Pin=D1-1
Added Pin To Net: NetName=VCC-5.0 Pin=P1-1
Added Pin To Net: NetName=VCC-5.0 Pin=U3-3
Added Pin To Net: NetName=VCC-5.0 Pin=U4-3
Added Net: Name=VCC-5.0
Added Pin To Net: NetName=VCC_180V Pin=P2-1
Added Pin To Net: NetName=VCC_180V Pin=P3-1
Added Pin To Net: NetName=VCC_180V Pin=R4-2
Added Net: Name=VCC_180V
Added Pin To Net: NetName=VCC Pin=P12-1
Added Pin To Net: NetName=VCC Pin=P13-1
Added Pin To Net: NetName=VCC Pin=U2-20
Added Pin To Net: NetName=VCC Pin=U5-20
Added Net: Name=VCC
Added Pin To Net: NetName=Y1_N Pin=*1-2
Added Pin To Net: NetName=Y1_N Pin=P9-1
Added Pin To Net: NetName=Y1_N Pin=P10-1
Added Pin To Net: NetName=Y1_N Pin=P11-1
Added Pin To Net: NetName=Y1_N Pin=P14-1
Added Pin To Net: NetName=Y1_N Pin=P15-1
Added Pin To Net: NetName=Y1_N Pin=P16-1
Added Net: Name=Y1_N
Added Pin To Net: NetName=Y1 Pin=*1-1
Added Pin To Net: NetName=Y1 Pin=U6-14
Added Net: Name=Y1
Added Pin To Net: NetName=Y2_N Pin=*1-4
Added Pin To Net: NetName=Y2_N Pin=P9-2
Added Pin To Net: NetName=Y2_N Pin=P10-2
Added Pin To Net: NetName=Y2_N Pin=P11-2
Added Pin To Net: NetName=Y2_N Pin=P14-2
Added Pin To Net: NetName=Y2_N Pin=P15-2
Added Pin To Net: NetName=Y2_N Pin=P16-2
Added Net: Name=Y2_N
Added Pin To Net: NetName=Y2 Pin=*1-3
Added Pin To Net: NetName=Y2 Pin=U6-13
Added Net: Name=Y2
Added Pin To Net: NetName=Y3_N Pin=*1-6
Added Pin To Net: NetName=Y3_N Pin=P9-3
Added Pin To Net: NetName=Y3_N Pin=P10-3
Added Pin To Net: NetName=Y3_N Pin=P11-3
Added Pin To Net: NetName=Y3_N Pin=P14-3
Added Pin To Net: NetName=Y3_N Pin=P15-3
Added Pin To Net: NetName=Y3_N Pin=P16-3
Added Net: Name=Y3_N
Added Pin To Net: NetName=Y3 Pin=*1-5
Added Pin To Net: NetName=Y3 Pin=U6-12
Added Net: Name=Y3
Added Pin To Net: NetName=Y4_N Pin=*1-8
Added Pin To Net: NetName=Y4_N Pin=P9-4
Added Pin To Net: NetName=Y4_N Pin=P10-4
Added Pin To Net: NetName=Y4_N Pin=P11-4
Added Pin To Net: NetName=Y4_N Pin=P14-4
Added Pin To Net: NetName=Y4_N Pin=P15-4
Added Pin To Net: NetName=Y4_N Pin=P16-4
Added Net: Name=Y4_N
Added Pin To Net: NetName=Y4 Pin=*1-9
Added Pin To Net: NetName=Y4 Pin=U6-11
Added Net: Name=Y4
Added Pin To Net: NetName=Y5_N Pin=*1-10
Added Pin To Net: NetName=Y5_N Pin=P9-5
Added Pin To Net: NetName=Y5_N Pin=P10-5
Added Pin To Net: NetName=Y5_N Pin=P11-5
Added Pin To Net: NetName=Y5_N Pin=P14-5
Added Pin To Net: NetName=Y5_N Pin=P15-5
Added Pin To Net: NetName=Y5_N Pin=P16-5
Added Net: Name=Y5_N
Added Pin To Net: NetName=Y5 Pin=*1-11
Added Pin To Net: NetName=Y5 Pin=U6-10
Added Net: Name=Y5
Added Pin To Net: NetName=Y6_N Pin=*1-12
Added Pin To Net: NetName=Y6_N Pin=P9-6
Added Pin To Net: NetName=Y6_N Pin=P10-6
Added Pin To Net: NetName=Y6_N Pin=P11-6
Added Pin To Net: NetName=Y6_N Pin=P14-6
Added Pin To Net: NetName=Y6_N Pin=P15-6
Added Pin To Net: NetName=Y6_N Pin=P16-6
Added Net: Name=Y6_N
Added Pin To Net: NetName=Y6 Pin=*1-13
Added Pin To Net: NetName=Y6 Pin=U6-9
Added Net: Name=Y6
Added Pin To Net: NetName=Y7_N Pin=*2-2
Added Pin To Net: NetName=Y7_N Pin=P9-7
Added Pin To Net: NetName=Y7_N Pin=P10-7
Added Pin To Net: NetName=Y7_N Pin=P11-7
Added Pin To Net: NetName=Y7_N Pin=P14-7
Added Pin To Net: NetName=Y7_N Pin=P15-7
Added Pin To Net: NetName=Y7_N Pin=P16-7
Added Net: Name=Y7_N
Added Pin To Net: NetName=Y7 Pin=*2-1
Added Pin To Net: NetName=Y7 Pin=U6-7
Added Net: Name=Y7
Added Pin To Net: NetName=Y8_N Pin=*2-4
Added Pin To Net: NetName=Y8_N Pin=P9-8
Added Pin To Net: NetName=Y8_N Pin=P10-8
Added Pin To Net: NetName=Y8_N Pin=P11-8
Added Pin To Net: NetName=Y8_N Pin=P14-8
Added Pin To Net: NetName=Y8_N Pin=P15-8
Added Pin To Net: NetName=Y8_N Pin=P16-8
Added Net: Name=Y8_N
Added Pin To Net: NetName=Y8 Pin=*2-3
Added Pin To Net: NetName=Y8 Pin=U7-14
Added Net: Name=Y8
Added Pin To Net: NetName=Y9_N Pin=*2-6
Added Pin To Net: NetName=Y9_N Pin=P9-9
Added Pin To Net: NetName=Y9_N Pin=P10-9
Added Pin To Net: NetName=Y9_N Pin=P11-9
Added Pin To Net: NetName=Y9_N Pin=P14-9
Added Pin To Net: NetName=Y9_N Pin=P15-9
Added Pin To Net: NetName=Y9_N Pin=P16-9
Added Net: Name=Y9_N
Added Pin To Net: NetName=Y9 Pin=*2-5
Added Pin To Net: NetName=Y9 Pin=U7-13
Added Net: Name=Y9
Added Pin To Net: NetName=Y10_N Pin=*2-8
Added Pin To Net: NetName=Y10_N Pin=P9-10
Added Pin To Net: NetName=Y10_N Pin=P10-10
Added Pin To Net: NetName=Y10_N Pin=P11-10
Added Pin To Net: NetName=Y10_N Pin=P14-10
Added Pin To Net: NetName=Y10_N Pin=P15-10
Added Pin To Net: NetName=Y10_N Pin=P16-10
Added Net: Name=Y10_N
Added Pin To Net: NetName=Y10 Pin=*2-9
Added Pin To Net: NetName=Y10 Pin=U7-12
Added Net: Name=Y10
Added Class: Name=Sheet1
Added Room: Name=Sheet1
